<?xml version="1.0" encoding="UTF-8"?>
<!-- Generated by org.testng.reporters.JUnitXMLReporter -->
<testsuite hostname="DESKTOP-5JHV4KP" ignored="0" name="Test" tests="4" failures="2" timestamp="02 Jun 2020 12:05:14 GMT" time="6.834" errors="0">
  <testcase name="@BeforeMethod beforeMethod" time="0.315" classname="com.qa.tests.prescriptionTests">
    <failure type="java.lang.IllegalArgumentException" message="Can not set io.appium.java_client.MobileElement field com.qa.pages.prescripdetailspage.Refillaccount to org.openqa.selenium.remote.RemoteWebElement$$EnhancerByCGLIB$$d27c0df4">
      <![CDATA[java.lang.IllegalArgumentException: Can not set io.appium.java_client.MobileElement field com.qa.pages.prescripdetailspage.Refillaccount to org.openqa.selenium.remote.RemoteWebElement$$EnhancerByCGLIB$$d27c0df4
at org.openqa.selenium.support.PageFactory.proxyFields(PageFactory.java:117)
at org.openqa.selenium.support.PageFactory.initElements(PageFactory.java:105)
at com.qa.BaseTest.<init>(BaseTest.java:60)
at com.qa.pages.prescripdetailspage.<init>(prescripdetailspage.java:8)
at com.qa.tests.prescriptionTests.beforeMethod(prescriptionTests.java:63)
... Removed 32 stack frames]]>
    </failure>
  </testcase> <!-- @BeforeMethod beforeMethod -->
  <testcase name="@BeforeMethod beforeTest" time="0.0" classname="com.qa.BaseTest">
    <skipped/>
  </testcase> <!-- @BeforeMethod beforeTest -->
  <testcase name="@BeforeMethod beforeMethod" time="0.0" classname="com.qa.tests.prescriptionTests">
    <skipped/>
  </testcase> <!-- @BeforeMethod beforeMethod -->
  <testcase name="@AfterClass afterclass" time="0.0" classname="com.qa.tests.prescriptionTests">
    <skipped/>
  </testcase> <!-- @AfterClass afterclass -->
  <testcase name="erorchecks" time="0.0" classname="com.qa.tests.prescriptionTests">
    <skipped/>
  </testcase> <!-- erorchecks -->
  <testcase name="erorchecks" time="6.809" classname="com.qa.tests.prescriptionTests">
    <failure type="java.lang.NullPointerException">
      <![CDATA[java.lang.NullPointerException
at com.qa.listeners.TestListener.onTestSkipped(TestListener.java:105)
... Removed 23 stack frames]]>
    </failure>
  </testcase> <!-- erorchecks -->
  <testcase name="Refillaccount" time="0.0" classname="com.qa.tests.prescriptionTests">
    <skipped/>
  </testcase> <!-- Refillaccount -->
  <testcase name="Refillaccount" time="0.005" classname="com.qa.tests.prescriptionTests">
    <failure type="java.lang.NullPointerException">
      <![CDATA[java.lang.NullPointerException
at com.qa.listeners.TestListener.onTestSkipped(TestListener.java:105)
... Removed 23 stack frames]]>
    </failure>
  </testcase> <!-- Refillaccount -->
</testsuite> <!-- Test -->
