<?xml version="1.0" encoding="UTF-8"?>
<testng-results skipped="0" failed="0" ignored="0" total="1" passed="1">
  <reporter-output>
  </reporter-output>
  <suite name="Suite" duration-ms="12462" started-at="2020-06-08T15:42:37Z" finished-at="2020-06-08T15:42:49Z">
    <groups>
    </groups>
    <test name="Test" duration-ms="12462" started-at="2020-06-08T15:42:37Z" finished-at="2020-06-08T15:42:49Z">
      <class name="Gittesting.testgit.first">
        <test-method status="PASS" signature="team()[pri:0, instance:Gittesting.testgit.first@27efef64]" name="team" duration-ms="12415" started-at="2020-06-08T15:42:37Z" finished-at="2020-06-08T15:42:49Z">
          <reporter-output>
          </reporter-output>
        </test-method> <!-- team -->
      </class> <!-- Gittesting.testgit.first -->
    </test> <!-- Test -->
  </suite> <!-- Suite -->
</testng-results>
