<?xml version="1.0" encoding="UTF-8"?>
<!-- Generated by org.testng.reporters.JUnitXMLReporter -->
<testsuite hostname="DESKTOP-5JHV4KP" ignored="0" name="Test" tests="1" failures="1" timestamp="09 Jun 2020 05:28:14 GMT" time="0.023" errors="0">
  <testcase name="team" time="0.0" classname="Gittesting.testgit.first">
    <failure type="org.testng.TestNGException" message="
Parameter &amp;apos;browsers&amp;apos; is required by @Test on method team but has not been marked @Optional or defined
in C:\Users\rehan\git\RehanRidhu\testgit\testng27.xml">
      <![CDATA[org.testng.TestNGException: 
Parameter 'browsers' is required by @Test on method team but has not been marked @Optional or defined
in C:\Users\rehan\git\RehanRidhu\testgit\testng27.xml
... Removed 24 stack frames]]>
    </failure>
  </testcase> <!-- team -->
</testsuite> <!-- Test -->
