<?xml version="1.0" encoding="UTF-8"?>
<!-- Generated by org.testng.reporters.JUnitXMLReporter -->
<testsuite hostname="DESKTOP-5JHV4KP" ignored="0" name="Test" tests="2" failures="1" timestamp="23 Apr 2020 17:43:58 GMT" time="35.603" errors="0">
  <testcase name="@AfterMethod resultss" time="0.007" classname="utils.Reportsutil">
    <failure type="java.lang.NullPointerException">
      <![CDATA[java.lang.NullPointerException
at utils.Screenshots.capturescreen(Screenshots.java:18)
at utils.Reportsutil.resultss(Reportsutil.java:74)
... Removed 28 stack frames]]>
    </failure>
  </testcase> <!-- @AfterMethod resultss -->
  <testcase name="@AfterMethod resultss" time="0.0" classname="utils.Reportsutil">
    <skipped/>
  </testcase> <!-- @AfterMethod resultss -->
  <testcase name="@AfterClass teardown" time="0.0" classname="tests.Baseclass">
    <skipped/>
  </testcase> <!-- @AfterClass teardown -->
  <testcase name="second" time="0.014" classname="utils.Reportsutil">
    <failure type="java.lang.NullPointerException">
      <![CDATA[java.lang.NullPointerException
at utils.Reportsutil.second(Reportsutil.java:52)
... Removed 25 stack frames]]>
    </failure>
  </testcase> <!-- second -->
  <testcase name="Thrid" time="0.0" classname="utils.Reportsutil">
    <skipped/>
  </testcase> <!-- Thrid -->
</testsuite> <!-- Test -->
